C51 COMPILER V9.02   DELAY                                                                 11/26/2015 14:52:52 PAGE 1   


C51 COMPILER V9.02, COMPILATION OF MODULE DELAY
OBJECT MODULE PLACED IN delay.OBJ
COMPILER INVOKED BY: C:\Keil\C51\BIN\C51.EXE delay.c BROWSE DEBUG OBJECTEXTEND

line level    source

   1          
   2          #include "delay.h"
   3          #include<intrins.h>
   4          #define MAIN_Fosc               24000000L       //定义主时钟
   5          //========================================================================
   6          // 函数: void  delay_ms(u8 ms)
   7          // 描述: 延时函数。
   8          // 参数: ms,要延时的ms数, 这里只支持1~255ms. 自动适应主时钟.
   9          // 返回: none.
  10          // 版本: VER1.0
  11          // 日期: 2013-4-1
  12          // 备注: 
  13          //========================================================================
  14          extern void  delay_ms(unsigned char ms)
  15          {
  16   1           unsigned int i;
  17   1               do{
  18   2                    i = MAIN_Fosc / 13000;
  19   2                        while(--i)    ;
  20   2           }while(--ms);
  21   1      }
  22          extern void DHT11Delay_10us()           //@24.000MHz
  23          {
  24   1              unsigned char i;
  25   1      
  26   1              _nop_();
  27   1              _nop_();
  28   1              i = 57;
  29   1              while (--i);
  30   1      }


MODULE INFORMATION:   STATIC OVERLAYABLE
   CODE SIZE        =     23    ----
   CONSTANT SIZE    =   ----    ----
   XDATA SIZE       =   ----    ----
   PDATA SIZE       =   ----    ----
   DATA SIZE        =   ----    ----
   IDATA SIZE       =   ----    ----
   BIT SIZE         =   ----    ----
END OF MODULE INFORMATION.


C51 COMPILATION COMPLETE.  0 WARNING(S),  0 ERROR(S)
